<?xml version="1.0" encoding="UTF-8"?>
<testsuite errors="0" failures="0" name="myproject_tests.Test-20171107163612" skipped="0" tests="1" time="0.000">
	<testcase classname="myproject_tests.Test" name="test_should_write_hello_world" time="0.000"/>
	<system-out>
<![CDATA[]]>	</system-out>
	<system-err>
<![CDATA[]]>	</system-err>
</testsuite>
